<?xml version="1.0" encoding="UTF-8"?>
<testng-results ignored="0" total="3" passed="3" failed="0" skipped="0">
  <reporter-output>
  </reporter-output>
  <suite started-at="2022-09-13T19:31:15 IST" name="Default suite" finished-at="2022-09-13T19:31:15 IST" duration-ms="119">
    <groups>
    </groups>
    <test started-at="2022-09-13T19:31:15 IST" name="Default test" finished-at="2022-09-13T19:31:15 IST" duration-ms="119">
      <class name="Test1">
        <test-method signature="A()[pri:0, instance:Test1@1e683a3e]" started-at="2022-09-13T19:31:15 IST" name="A" finished-at="2022-09-13T19:31:15 IST" duration-ms="14" status="PASS">
          <reporter-output>
          </reporter-output>
        </test-method> <!-- A -->
        <test-method signature="B()[pri:0, instance:Test1@1e683a3e]" started-at="2022-09-13T19:31:15 IST" name="B" finished-at="2022-09-13T19:31:15 IST" duration-ms="3" status="PASS">
          <reporter-output>
          </reporter-output>
        </test-method> <!-- B -->
        <test-method signature="C()[pri:0, instance:Test1@1e683a3e]" started-at="2022-09-13T19:31:15 IST" name="C" finished-at="2022-09-13T19:31:15 IST" duration-ms="2" status="PASS">
          <reporter-output>
          </reporter-output>
        </test-method> <!-- C -->
      </class> <!-- Test1 -->
    </test> <!-- Default test -->
  </suite> <!-- Default suite -->
</testng-results>
